Microsoft (R) Macro Assembler Version 14.36.32534.0	    08/19/23 16:31:31
7_10_Programming_Exercises.asm				     Page 1 - 1


				INCLUDE Irvine32.inc
			      C ; Include file for Irvine32.lib             (Irvine32.inc)
			      C 
			      C ;OPTION CASEMAP:NONE		; optional: make identifiers case-sensitive
			      C 
			      C INCLUDE SmallWin.inc		; MS-Windows prototypes, structures, and constants
			      C .NOLIST
			      C .LIST
			      C 
			      C INCLUDE VirtualKeys.inc
			      C ; VirtualKeys.inc
			      C .NOLIST
			      C .LIST
			      C 
			      C 
			      C .NOLIST
			      C .LIST
			      C 

 00000000			.DATA

				;---------------------------------------------------------------
				; 1.
 = 00000005				DECIMAL_OFFSET = 5
 00000000 31 30 30 31 32		decimal_one BYTE "100123456789765",0
	   33 34 35 36 37
	   38 39 37 36 35
	   00
					
				;---------------------------------------------------------------
				; 2.


 00000010				op1			QWORD  0000000000000055h
	   0000000000000055
 00000018				op2			QWORD 0ffffffffffffffffh
	   FFFFFFFFFFFFFFFF
 00000020  00000002 [			difference	QWORD 2 DUP(?)  ;; = 56h
	    0000000000000000
	   ]

				;---------------------------------------------------------------
				; 3.

 00000030 08723654			bcd1 		DWORD 08723654h ; 8,723,654 decimal
 00000034 01234567			bcd2 		DWORD 01234567h
 00000038 09999999			bcd3 		DWORD 09999999h

 0000003C  00000009 [			ascii_buf	BYTE 9 DUP(0)
	    00
	   ]

				;---------------------------------------------------------------
				; 4.
 00000045 FE 04 01 00 FD		key 		SBYTE -2, 4, 1, 0, -3, 5, 2, -4, -4, 6
	   05 02 FC FC 06
 0000004F 54 68 69 73 20		msg1		BYTE "This is a test msg, it should be encrypted!!!",0
	   69 73 20 61 20
	   74 65 73 74 20
	   6D 73 67 2C 20
	   69 74 20 73 68
	   6F 75 6C 64 20
	   62 65 20 65 6E
	   63 72 79 70 74
	   65 64 21 21 21
	   00

				;---------------------------------------------------------------
				; 5.
 = 000003E8				N_PRIME		= 1000		
 0000007D  000003EA [			prime		BYTE	1002 DUP(1)
	    01
	   ]

				;---------------------------------------------------------------
				; 8.

					; align 4
 00000467 21234536			packed_1 	DWORD 21234536h									; 4 Byte Packed BCD
 0000046B 89517207			packed_2 	DWORD 89517207h					
					; add = 110,751,743

 0000046F				packed_3 	QWORD 2123453689517207h							; 8 Byte Packed BCD
	   2123453689517207
 00000477				packed_4 	QWORD 8951720721234536h
	   8951720721234536


 0000047F				packed_5 	QWORD 2123453689517207h,8951720721234536h		; 16 Byte Packed BCD
	   2123453689517207
	   8951720721234536
 0000048F				packed_6 	QWORD 8951720721234536h,2123453689517207h
	   8951720721234536
	   2123453689517207

 0000049F  00000011 [			packed_sum 	BYTE 17 DUP(0)
	    00
	   ]

 00000000			.CODE
 00000000			main PROC

				;---------------------------------------------------------------
				; 1. Display ASCII Decimal 

 00000000  BA 00000000 R		mov		edx, OFFSET decimal_one
 00000005  B9 00000010			mov		ecx, LENGTHOF decimal_one
 0000000A  BB 00000005			mov 	ebx, DECIMAL_OFFSET
 0000000F  E8 000000C5			call	WriteScaled

				;---------------------------------------------------------------
				; 2. Extended Subtraction Procedure

 00000014  BE 00000010 R		mov		esi,OFFSET op1					; first operand
 00000019  BF 00000018 R		mov		edi,OFFSET op2					; second operand
 0000001E  BB 00000020 R		mov		ebx,OFFSET difference			; difference operand
 00000023  B9 00000002			mov		ecx,SIZE op1 / TYPE DWORD		; number of bytes
 00000028  E8 000000D3			call	Extended_Sub
					
				;---------------------------------------------------------------
				; 3. Packed Decimal Conversion

 0000002D  BA 0000003C R		mov		edx, OFFSET ascii_buf
					
 00000032  A1 00000030 R		mov		eax,bcd1
 00000037  E8 000000E4			call	PackedToAsc
 0000003C  E8 00000000 E		call	Crlf
 00000041  E8 00000000 E		call	WriteString

 00000046  A1 00000034 R		mov		eax,bcd2
 0000004B  E8 000000D0			call	PackedToAsc
 00000050  E8 00000000 E		call	Crlf
 00000055  E8 00000000 E		call	WriteString

 0000005A  A1 00000038 R		mov		eax,bcd3
 0000005F  E8 000000BC			call	PackedToAsc
 00000064  E8 00000000 E		call	Crlf
 00000069  E8 00000000 E		call	WriteString

				;---------------------------------------------------------------
				; 4. Encryption Using Rotate Operations

 0000006E  BB 00000045 R		mov		ebx,OFFSET key
 00000073  BA 0000004F R		mov		edx,OFFSET msg1
 00000078  B9 0000002E			mov		ecx,SIZEOF msg1
 0000007D  E8 000000B6			call	EncryptMsg
 00000082  E8 000000B1			call	EncryptMsg


				;---------------------------------------------------------------
				; 5. Prime Numbers
					
 00000087  BE 0000007D R		mov		esi, OFFSET prime
 0000008C  E8 000000D5			call	GeneratePrimeNumbers

				;---------------------------------------------------------------
				; 6. Greatest Common Divisor (GCD)

 00000091  BE 00000006			mov     esi,6
 00000096  BF 0000000C			mov		edi,12
 0000009B  E8 0000010F			call	GCD

				;---------------------------------------------------------------
				; 7. Bitwise Multiplication


 000000A0  B8 00000234			mov		eax, 564
 000000A5  BB 0000037E			mov		ebx, 894
					
 000000AA  B8 00000002			mov		eax, 2
 000000AF  BB 00000007			mov		ebx, 7
 000000B4  E8 00000160			call	BitwiseMultiply2

				;---------------------------------------------------------------
				; 8. Add Packed Integers
					
 000000B9  BA 0000049F R		mov		edx,OFFSET packed_sum
 000000BE  B9 00000010			mov		ecx,SIZEOF packed_5
 000000C3  BE 0000047F R		mov		esi,OFFSET packed_5
 000000C8  BF 0000048F R		mov		edi,OFFSET packed_6

 000000CD  E8 00000185			call	AddPacked

					exit
 000000D2  6A 00	   *	    push   +000000000h
 000000D4  E8 00000000 E   *	    call   ExitProcess
 000000D9			main ENDP


				;-----------------------------------------------------------------
 000000D9			WriteScaled PROC USES edx ecx ebx
				;	Prints a decimal ASCII number with decimal point.
				;	receives	EDX=Offset to num,ECX=Length of num, EBX=Offset to decimal point from right
				;	returns		Nothing
				;-----------------------------------------------------------------
 000000D9  52		   *	    push   edx
 000000DA  51		   *	    push   ecx
 000000DB  53		   *	    push   ebx
 000000DC  8B F2			mov		esi,edx
 000000DE  03 F1			add		esi,ecx
 000000E0  2B F3			sub		esi,ebx
 000000E2  8A 06			mov		al, BYTE PTR [esi]
 000000E4  C6 06 00			mov		BYTE PTR [esi],0
 000000E7  E8 00000000 E		call	WriteString

 000000EC  88 06			mov		BYTE PTR [esi],al
					
 000000EE  B0 2E			mov		al,'.'
 000000F0  E8 00000000 E		call	WriteChar
					
 000000F5  8B D6			mov		edx,esi
 000000F7  E8 00000000 E		call	WriteString

					ret
 000000FC  5B		   *	    pop    ebx
 000000FD  59		   *	    pop    ecx
 000000FE  5A		   *	    pop    edx
 000000FF  C3		   *	    ret    00000h
 00000100			WriteScaled ENDP


				;--------------------------------------------------------
 00000100			Extended_Sub PROC
				;
				; Calculates the difference of two extended integers stored
				; as arrays of DWORDS.
				; Receives: ESI and EDI point to the two integers,
				; EBX points to a variable that will hold the difference,
				; and ECX indicates the number of DWORDS to be added.
				; Storage for the difference must be one byte longer than the
				; input operands.
				; Returns: nothing
				;--------------------------------------------------------
 00000100  60				pushad
 00000101  F8				clc ; clear the Carry flag

 00000102			L1:
 00000102  8B 06			mov		eax,[esi]						; get the first integer
 00000104  1B 07			sbb		eax,[edi]						; subtract the second integer
 00000106  9C				pushfd									; save carry flag
 00000107  88 03			mov		[ebx],al						; store partial difference
 00000109  83 C6 04			add		esi, TYPE DWORD					; advance all three pointers
 0000010C  83 C7 04			add		edi, TYPE DWORD
 0000010F  83 C3 04			add		ebx, TYPE DWORD
 00000112  9D				popfd									; restore carry flag
 00000113  E2 ED		loop L1 									; repeat the loop
 00000115  C7 03 00000000		mov		DWORD PTR [ebx],0 				; clear high byte of difference
 0000011B  83 1B 00			sbb		DWORD PTR [ebx],0 				; subtract any leftover carry
 0000011E  61				popad
 0000011F  C3				ret
 00000120			Extended_Sub ENDP


				;----------------------------------------------------------------
 00000120			PackedToAsc PROC USES edx
				;
				; procedure that converts a 4-byte packed decimal number
				; to a string of ASCII decimal digits
				; Receives: EAX = packed decimal number
				; Returns: String of ASCII digits in buffer pointed by EDX
				;------------------------------------------------------------------

 00000120  52		   *	    push   edx
 00000121  B9 00000008			mov		ecx,8
 00000126			L1:
 00000126  C1 C0 04			rol		eax,4						; move high 4 bits to low 4 bits
 00000129  8A D8			mov		bl,al						; 
 0000012B  80 E3 0F			and		bl,0fh						; mask out low 4 bits in 8bit register
 0000012E  80 CB 30			or		bl,30h						; convert packed BCD to ascii
 00000131  88 1A			mov		BYTE PTR [edx],bl
 00000133  42				inc		edx

 00000134  E2 F0			loop	L1
					ret
 00000136  5A		   *	    pop    edx
 00000137  C3		   *	    ret    00000h
 00000138			PackedToAsc ENDP

				;----------------------------------------------------------------
 00000138			EncryptMsg	PROC USES ecx edx ebx esi
				;
				; Encrypts a string using rotate insturctions
				; 
				; Receives: EDX= Points to string, ECX= length of string, EBX= points to key
				; Returns: Encrypted string buffer pointed by EDX
				;----------------------------------------------------------------

 00000138  51		   *	    push   ecx
 00000139  52		   *	    push   edx
 0000013A  53		   *	    push   ebx
 0000013B  56		   *	    push   esi
 0000013C  BE 00000000			mov		esi,0
 00000141			L1:
 00000141  51				push	ecx
 00000142  8A 0C 33			mov		cl,[ebx+esi]
 00000145  80 F9 00			cmp		cl,0
 00000148  7F 06			jg		ShiftRight
 0000014A			ShiftLeft:
 0000014A  F6 D9			neg		cl
 0000014C  D2 02			rol		BYTE PTR[edx],cl
 0000014E  EB 02			jmp		Continue
 00000150			ShiftRight:
 00000150  D2 0A			ror		BYTE PTR[edx],cl
					
 00000152			Continue:
 00000152  42				inc		edx
					

 00000153  46				inc		esi
 00000154  83 FE 0A			cmp		esi,10
 00000157  76 05			jbe		EndLoop
 00000159  BE 00000000			mov		esi,0
 0000015E			EndLoop: 
 0000015E  59				pop		ecx
 0000015F  E2 E0			loop	L1
					ret
 00000161  5E		   *	    pop    esi
 00000162  5B		   *	    pop    ebx
 00000163  5A		   *	    pop    edx
 00000164  59		   *	    pop    ecx
 00000165  C3		   *	    ret    00000h
 00000166			EncryptMsg	ENDP


				;----------------------------------------------------------------
 00000166			GeneratePrimeNumbers	PROC USES eax ecx edx
				;
				; Generates prime numbers from 2 to 1000 using Sieve of Eratosthenes algorithm
				; 
				; Receives: ESI= Points to all prime array, N = 1000
				; Returns: Nothing
				;----------------------------------------------------------------

 00000166  50		   *	    push   eax
 00000167  51		   *	    push   ecx
 00000168  52		   *	    push   edx
 00000169  B9 00000002			mov		ecx,2
 0000016E			L1:	
 0000016E  8B C1			mov		eax,ecx
 00000170  F7 E1			mul		ecx							; multiply eax =ecx*eax = i*i
 00000172  3D 000003E8			cmp		eax,N_PRIME					; i*i < N
 00000177  77 10			ja		BeginPrint					; if not jump to printing part
 00000179			L2:
 00000179  C6 04 06 00			mov		BYTE PTR [esi+eax],0
					
 0000017D  03 C1			add		eax,ecx
 0000017F  3D 000003E8			cmp		eax,N_PRIME
 00000184  76 F3			jbe		L2
					
 00000186  41				inc		ecx
 00000187  EB E5			jmp		L1

					
				;----------------------------------------
				;	Print Prime Numbers

 00000189			BeginPrint:
 00000189  E8 00000000 E		call	Crlf
 0000018E  B8 00000002			mov		eax,2
 00000193			PrintLoop:
 00000193  F6 04 06 01			test	BYTE PTR [esi+eax],1
 00000197  74 0A			jz		Continue
 00000199  E8 00000000 E		call	WriteDec
 0000019E  E8 00000000 E		call	Crlf
 000001A3			Continue:
 000001A3  40				inc		eax
 000001A4  3D 000003E8			cmp		eax,N_PRIME
 000001A9  76 E8			jbe		PrintLoop
					
					ret
 000001AB  5A		   *	    pop    edx
 000001AC  59		   *	    pop    ecx
 000001AD  58		   *	    pop    eax
 000001AE  C3		   *	    ret    00000h
 000001AF			GeneratePrimeNumbers	ENDP


				;----------------------------------------------------------------
 000001AF			GCD	PROC USES esi edi edx
				;
				; Find Greatest common divisor
				; 
				; Receives: ESI=x int, EDI=y int
				; Returns: EAX=gdc int
				;----------------------------------------------------------------

 000001AF  56		   *	    push   esi
 000001B0  57		   *	    push   edi
 000001B1  52		   *	    push   edx
 000001B2  8B C6		    mov		eax,esi
 000001B4  E8 00000022			call	Abs
 000001B9  8B F0			mov		esi,eax

 000001BB  8B C7			mov		eax,edi
 000001BD  E8 00000019			call	Abs
 000001C2  8B F8			mov		edi,eax


 000001C4			L1:
 000001C4  83 FF 00			cmp		edi,0
 000001C7  7E 0C			jle		EndLoop				; if y <= 0 ; exit

 000001C9  8B C6			mov		eax,esi
 000001CB  33 D2			xor		edx,edx				; clear edx
 000001CD  F7 F7			div		edi					; x / y
					
 000001CF  8B F7			mov		esi,edi				; x = y
 000001D1  8B FA			mov		edi,edx				; y = remainder
 000001D3  EB EF			jmp		L1
 000001D5			EndLoop:	
					
 000001D5  8B C6			mov		eax,esi
					ret
 000001D7  5A		   *	    pop    edx
 000001D8  5F		   *	    pop    edi
 000001D9  5E		   *	    pop    esi
 000001DA  C3		   *	    ret    00000h
 000001DB			GCD	ENDP

				;----------------------------------------------------------------
 000001DB			Abs	PROC USES edx
				;
				; Find absolute value in the eax register
				; 
				; Receives: EAX=value
				; Returns: EAX=abs value
				;----------------------------------------------------------------

 000001DB  52		   *	    push   edx
 000001DC  8B D0		    mov     edx, eax        ; Copy the number to edx
 000001DE  C1 FA 1F		    sar     edx, 31         ; Shift sign bit of edx to the rightmost bit

 000001E1  33 C2		    xor     eax, edx        ; XOR the number with the sign extension
 000001E3  2B C2		    sub     eax, edx        ; Subtract the sign extension
					ret
 000001E5  5A		   *	    pop    edx
 000001E6  C3		   *	    ret    00000h

				COMMENT !
					;----------------------------
					; Clang verison
					mov		eax, edi
					neg		eax
					cmovl	eax, edi		; mov if eax < edi
					;----------------------------
					; GCC version
					mov     eax, edi
					cdq						; edx = FFFFFFF or 0000000 based on eax's sign
					xor     eax, edx
					sub     eax, edx
				!
 000001E7			Abs	ENDP

				; My version (Naive)
				;----------------------------------------------------------------
 000001E7			BitwiseMultiply	PROC USES ebx ecx esi edi
				;
				; Multiply EAX with EDX and store the result in EAX
				; using bitwise multiply method
				; 
				; Receives: EAX=unsigned int, EBX=unsigned int
				; Returns: EAX=result
				;----------------------------------------------------------------
 000001E7  53		   *	    push   ebx
 000001E8  51		   *	    push   ecx
 000001E9  56		   *	    push   esi
 000001EA  57		   *	    push   edi
 000001EB  8B F8			mov edi,eax
 000001ED  B8 00000000			mov	eax,0
 000001F2			BegLoop:
 000001F2  83 FB 00			cmp	ebx,0
 000001F5  74 1D			jz	EndProc

 000001F7  B1 00			mov	cl,0
 000001F9  BA 00000001			mov edx,1
 000001FE			L1:
 000001FE  D1 E2			shl	edx,1
 00000200  FE C1			inc	cl
 00000202  3B D3			cmp	edx,ebx
 00000204  72 F8			jb	L1
				;---------------------
 00000206  FE C9			dec cl
 00000208  D1 EA			shr edx,1

 0000020A  2B DA			sub	ebx,edx
					
 0000020C  8B F7			mov	esi,edi
 0000020E  D3 E6			shl	esi,cl

 00000210  03 C6			add	eax,esi

 00000212  EB DE			jmp	BegLoop

 00000214			EndProc:
					ret
 00000214  5F		   *	    pop    edi
 00000215  5E		   *	    pop    esi
 00000216  59		   *	    pop    ecx
 00000217  5B		   *	    pop    ebx
 00000218  C3		   *	    ret    00000h
 00000219			BitwiseMultiply	ENDP



				; https://stackoverflow.com/questions/26305068/how-do-i-perform-bitwise-multiplication-division-in-masm-x86-assembly
				; Multiply EBX by EAX
 00000219			BitwiseMultiply2 PROC USES EBX ECX EDX
 00000219  53		   *	    push   ebx
 0000021A  51		   *	    push   ecx
 0000021B  52		   *	    push   edx
 0000021C  8B D0		    mov edx, eax            ; EDX: multiplier (EBX: multiplicand)
 0000021E  33 C0		    xor eax, eax            ; Result will be in EAX - clear it
 00000220  0F BD CA		    bsr ecx, edx            ; ECX = position of the most significant bit
 00000223  74 0D		    jz R1                   ; Return with EAX=0 if EDX == 0

 00000225			    L1:
 00000225  D1 EA		    shr edx, 1              ; Look at the rightmost bit of the multiplier
 00000227  73 02		    jnc @F                  ; Skip addition if this bit == 0
 00000229  03 C3		    add eax, ebx            ; Add multiplikand to result
 0000022B			    @@:
 0000022B  D1 E3		    shl ebx, 1              ; Increase multipland for the next round
 0000022D  83 E9 01		    sub ecx, 1              ; Decrease loop variable
 00000230  73 F3		    jnc L1                  ; Loop if ECX >= 0

 00000232			    R1:
				    ret                     ; Result in EAX
 00000232  5A		   *	    pop    edx
 00000233  59		   *	    pop    ecx
 00000234  5B		   *	    pop    ebx
 00000235  C3		   *	    ret    00000h
 00000236			BitwiseMultiply2 ENDP

				; Divide EAX by EBX
 00000236			BitwiseDivide PROC USES ECX EDX ESI
 00000236  51		   *	    push   ecx
 00000237  52		   *	    push   edx
 00000238  56		   *	    push   esi
 00000239  8B F0		    mov esi, eax            ; ESI: dividend (EBX: divisor)
 0000023B  33 C0		    xor eax, eax            ; Result (quotient) = 0
 0000023D  33 D2		    xor edx, edx            ; EDX = 0 (start value)
 0000023F  B1 20		    mov cl, 32              ; 32 loops

 00000241			    L1:
 00000241  D1 E6		    shl esi, 1              ; Bit 31 from EAX ...
 00000243  D1 D2		    rcl edx, 1              ;     ... to Bit 1 of EDX
 00000245  3B DA		    cmp ebx, edx            ; Carry, if EDX > Divisor
 00000247  77 03		    ja @F                   ; Skip subtraction if carry==0 and zero==0 (result not zero)
 00000249  2B D3		    sub edx, ebx            ; Subtract ...
 0000024B  F9			    stc                     ;     ... and set carry
 0000024C			    @@:
 0000024C  D1 D0		    rcl eax, 1              ; Append carry (0 or 1) to quotient.
 0000024E  80 E9 01		    sub cl, 1
 00000251  75 EE		    jnz L1                  ; loop while CL > 0

				    ret                     ; Result in EAX
 00000253  5E		   *	    pop    esi
 00000254  5A		   *	    pop    edx
 00000255  59		   *	    pop    ecx
 00000256  C3		   *	    ret    00000h
 00000257			BitwiseDivide ENDP


				;----------------------------------------------------------------
 00000257			AddPacked	PROC
				;
				; Add two packed decimal interger of arbitrary size
				; 
				; Receives: ESI - pointer to the first number, EDI - pointer to the second number 
				; 			EDX - pointer to the sum, ECX - number of bytes to add
				; Returns: Nothing
				;----------------------------------------------------------------

					
 00000257  F8				clc						; clear carry
 00000258  33 DB			xor ebx,ebx
 0000025A			L1:
 0000025A  8A 04 1E			mov al,BYTE PTR [esi+ebx]
 0000025D  12 04 1F			adc	al,BYTE PTR [edi+ebx]
 00000260  27				daa
 00000261  88 04 1A			mov	BYTE PTR [edx+ebx],al
 00000264  43				inc ebx
 00000265  E2 F3			loop L1

 00000267  80 14 1A 00			adc BYTE PTR [edx+ebx],0
 0000026B  27				daa

					;----------------------------------------
					;	Printing 17 byte result

 0000026C  33 C0			xor eax,eax
 0000026E  8A 42 10			mov	al, BYTE PTR [edx+16]
 00000271  E8 00000000 E		call WriteHex

 00000276  8B 42 0C			mov	eax, DWORD PTR [edx+12]
 00000279  E8 00000000 E		call WriteHex

 0000027E  8B 42 08			mov	eax, DWORD PTR [edx+8]
 00000281  E8 00000000 E		call WriteHex

 00000286  8B 42 04			mov	eax, DWORD PTR [edx+4]
 00000289  E8 00000000 E		call WriteHex

 0000028E  8B 02			mov	eax, DWORD PTR [edx]
 00000290  E8 00000000 E		call WriteHex
 00000295  C3				ret
 00000296			AddPacked	ENDP

				END main
Microsoft (R) Macro Assembler Version 14.36.32534.0	    08/19/23 16:31:31
7_10_Programming_Exercises.asm				     Symbols 2 - 1




Structures and Unions:

                N a m e                  Size
                                         Offset      Type

CONSOLE_CURSOR_INFO  . . . . . .	 00000008
  dwSize . . . . . . . . . . . .	 00000000	 DWord
  bVisible . . . . . . . . . . .	 00000004	 DWord
CONSOLE_SCREEN_BUFFER_INFO . . .	 00000016
  dwSize . . . . . . . . . . . .	 00000000	 DWord
  dwCursorPosition . . . . . . .	 00000004	 DWord
  wAttributes  . . . . . . . . .	 00000008	 Word
  srWindow . . . . . . . . . . .	 0000000A	 QWord
  dwMaximumWindowSize  . . . . .	 00000012	 DWord
COORD  . . . . . . . . . . . . .	 00000004
  X  . . . . . . . . . . . . . .	 00000000	 Word
  Y  . . . . . . . . . . . . . .	 00000002	 Word
FILETIME . . . . . . . . . . . .	 00000008
  loDateTime . . . . . . . . . .	 00000000	 DWord
  hiDateTime . . . . . . . . . .	 00000004	 DWord
FOCUS_EVENT_RECORD . . . . . . .	 00000004
  bSetFocus  . . . . . . . . . .	 00000000	 DWord
FPU_ENVIRON  . . . . . . . . . .	 0000001C
  controlWord  . . . . . . . . .	 00000000	 Word
  statusWord . . . . . . . . . .	 00000004	 Word
  tagWord  . . . . . . . . . . .	 00000008	 Word
  instrPointerOffset . . . . . .	 0000000C	 DWord
  instrPointerSelector . . . . .	 00000010	 DWord
  operandPointerOffset . . . . .	 00000014	 DWord
  operandPointerSelector . . . .	 00000018	 Word
INPUT_RECORD . . . . . . . . . .	 00000014
  EventType  . . . . . . . . . .	 00000000	 Word
  Event  . . . . . . . . . . . .	 00000004	 XmmWord
  bKeyDown . . . . . . . . . . .	 00000000	 DWord
  wRepeatCount . . . . . . . . .	 00000004	 Word
  wVirtualKeyCode  . . . . . . .	 00000006	 Word
  wVirtualScanCode . . . . . . .	 00000008	 Word
  uChar  . . . . . . . . . . . .	 0000000A	 Word
  UnicodeChar  . . . . . . . . .	 00000000	 Word
  AsciiChar  . . . . . . . . . .	 00000000	 Byte
  dwControlKeyState  . . . . . .	 0000000C	 DWord
  dwMousePosition  . . . . . . .	 00000000	 DWord
  dwButtonState  . . . . . . . .	 00000004	 DWord
  dwMouseControlKeyState . . . .	 00000008	 DWord
  dwEventFlags . . . . . . . . .	 0000000C	 DWord
  dwSize . . . . . . . . . . . .	 00000000	 DWord
  dwCommandId  . . . . . . . . .	 00000000	 DWord
  bSetFocus  . . . . . . . . . .	 00000000	 DWord
KEY_EVENT_RECORD . . . . . . . .	 00000010
  bKeyDown . . . . . . . . . . .	 00000000	 DWord
  wRepeatCount . . . . . . . . .	 00000004	 Word
  wVirtualKeyCode  . . . . . . .	 00000006	 Word
  wVirtualScanCode . . . . . . .	 00000008	 Word
  uChar  . . . . . . . . . . . .	 0000000A	 Word
  UnicodeChar  . . . . . . . . .	 00000000	 Word
  AsciiChar  . . . . . . . . . .	 00000000	 Byte
  dwControlKeyState  . . . . . .	 0000000C	 DWord
MENU_EVENT_RECORD  . . . . . . .	 00000004
  dwCommandId  . . . . . . . . .	 00000000	 DWord
MOUSE_EVENT_RECORD . . . . . . .	 00000010
  dwMousePosition  . . . . . . .	 00000000	 DWord
  dwButtonState  . . . . . . . .	 00000004	 DWord
  dwMouseControlKeyState . . . .	 00000008	 DWord
  dwEventFlags . . . . . . . . .	 0000000C	 DWord
SMALL_RECT . . . . . . . . . . .	 00000008
  Left . . . . . . . . . . . . .	 00000000	 Word
  Top  . . . . . . . . . . . . .	 00000002	 Word
  Right  . . . . . . . . . . . .	 00000004	 Word
  Bottom . . . . . . . . . . . .	 00000006	 Word
SYSTEMTIME . . . . . . . . . . .	 00000010
  wYear  . . . . . . . . . . . .	 00000000	 Word
  wMonth . . . . . . . . . . . .	 00000002	 Word
  wDayOfWeek . . . . . . . . . .	 00000004	 Word
  wDay . . . . . . . . . . . . .	 00000006	 Word
  wHour  . . . . . . . . . . . .	 00000008	 Word
  wMinute  . . . . . . . . . . .	 0000000A	 Word
  wSecond  . . . . . . . . . . .	 0000000C	 Word
  wMilliseconds  . . . . . . . .	 0000000E	 Word
WINDOW_BUFFER_SIZE_RECORD  . . .	 00000004
  dwSize . . . . . . . . . . . .	 00000000	 DWord


Segments and Groups:

                N a m e                 Size     Length   Align   Combine Class

FLAT . . . . . . . . . . . . . .	GROUP
STACK  . . . . . . . . . . . . .	32 Bit	 00001000 Para	  Stack	  'STACK'	 
_DATA  . . . . . . . . . . . . .	32 Bit	 000004B0 Para	  Public  'DATA'	
_TEXT  . . . . . . . . . . . . .	32 Bit	 00000296 Para	  Public  'CODE'	


Procedures, parameters, and locals:

                N a m e                 Type     Value    Attr

Abs  . . . . . . . . . . . . . .	P Near	 000001DB _TEXT	Length= 0000000C Public STDCALL
AddPacked  . . . . . . . . . . .	P Near	 00000257 _TEXT	Length= 0000003F Public STDCALL
  L1 . . . . . . . . . . . . . .	L Near	 0000025A _TEXT	
BitwiseDivide  . . . . . . . . .	P Near	 00000236 _TEXT	Length= 00000021 Public STDCALL
  L1 . . . . . . . . . . . . . .	L Near	 00000241 _TEXT	
BitwiseMultiply2 . . . . . . . .	P Near	 00000219 _TEXT	Length= 0000001D Public STDCALL
  L1 . . . . . . . . . . . . . .	L Near	 00000225 _TEXT	
  R1 . . . . . . . . . . . . . .	L Near	 00000232 _TEXT	
BitwiseMultiply  . . . . . . . .	P Near	 000001E7 _TEXT	Length= 00000032 Public STDCALL
  BegLoop  . . . . . . . . . . .	L Near	 000001F2 _TEXT	
  L1 . . . . . . . . . . . . . .	L Near	 000001FE _TEXT	
  EndProc  . . . . . . . . . . .	L Near	 00000214 _TEXT	
CloseFile  . . . . . . . . . . .	P Near	 00000000 FLAT	Length= 00000000 External STDCALL
CloseHandle  . . . . . . . . . .	P Near	 00000000 FLAT	Length= 00000000 External STDCALL
Clrscr . . . . . . . . . . . . .	P Near	 00000000 FLAT	Length= 00000000 External STDCALL
CreateFileA  . . . . . . . . . .	P Near	 00000000 FLAT	Length= 00000000 External STDCALL
CreateOutputFile . . . . . . . .	P Near	 00000000 FLAT	Length= 00000000 External STDCALL
Crlf . . . . . . . . . . . . . .	P Near	 00000000 FLAT	Length= 00000000 External STDCALL
Delay  . . . . . . . . . . . . .	P Near	 00000000 FLAT	Length= 00000000 External STDCALL
DumpMem  . . . . . . . . . . . .	P Near	 00000000 FLAT	Length= 00000000 External STDCALL
DumpRegs . . . . . . . . . . . .	P Near	 00000000 FLAT	Length= 00000000 External STDCALL
EncryptMsg . . . . . . . . . . .	P Near	 00000138 _TEXT	Length= 0000002E Public STDCALL
  L1 . . . . . . . . . . . . . .	L Near	 00000141 _TEXT	
  ShiftLeft  . . . . . . . . . .	L Near	 0000014A _TEXT	
  ShiftRight . . . . . . . . . .	L Near	 00000150 _TEXT	
  Continue . . . . . . . . . . .	L Near	 00000152 _TEXT	
  EndLoop  . . . . . . . . . . .	L Near	 0000015E _TEXT	
ExitProcess  . . . . . . . . . .	P Near	 00000000 FLAT	Length= 00000000 External STDCALL
Extended_Sub . . . . . . . . . .	P Near	 00000100 _TEXT	Length= 00000020 Public STDCALL
  L1 . . . . . . . . . . . . . .	L Near	 00000102 _TEXT	
FileTimeToDosDateTime  . . . . .	P Near	 00000000 FLAT	Length= 00000000 External STDCALL
FileTimeToSystemTime . . . . . .	P Near	 00000000 FLAT	Length= 00000000 External STDCALL
FlushConsoleInputBuffer  . . . .	P Near	 00000000 FLAT	Length= 00000000 External STDCALL
FormatMessageA . . . . . . . . .	P Near	 00000000 FLAT	Length= 00000000 External STDCALL
GCD  . . . . . . . . . . . . . .	P Near	 000001AF _TEXT	Length= 0000002C Public STDCALL
  L1 . . . . . . . . . . . . . .	L Near	 000001C4 _TEXT	
  EndLoop  . . . . . . . . . . .	L Near	 000001D5 _TEXT	
GeneratePrimeNumbers . . . . . .	P Near	 00000166 _TEXT	Length= 00000049 Public STDCALL
  L1 . . . . . . . . . . . . . .	L Near	 0000016E _TEXT	
  L2 . . . . . . . . . . . . . .	L Near	 00000179 _TEXT	
  BeginPrint . . . . . . . . . .	L Near	 00000189 _TEXT	
  PrintLoop  . . . . . . . . . .	L Near	 00000193 _TEXT	
  Continue . . . . . . . . . . .	L Near	 000001A3 _TEXT	
GetCommandLineA  . . . . . . . .	P Near	 00000000 FLAT	Length= 00000000 External STDCALL
GetCommandTail . . . . . . . . .	P Near	 00000000 FLAT	Length= 00000000 External STDCALL
GetConsoleCP . . . . . . . . . .	P Near	 00000000 FLAT	Length= 00000000 External STDCALL
GetConsoleCursorInfo . . . . . .	P Near	 00000000 FLAT	Length= 00000000 External STDCALL
GetConsoleMode . . . . . . . . .	P Near	 00000000 FLAT	Length= 00000000 External STDCALL
GetConsoleScreenBufferInfo . . .	P Near	 00000000 FLAT	Length= 00000000 External STDCALL
GetDateTime  . . . . . . . . . .	P Near	 00000000 FLAT	Length= 00000000 External STDCALL
GetFileTime  . . . . . . . . . .	P Near	 00000000 FLAT	Length= 00000000 External STDCALL
GetKeyState  . . . . . . . . . .	P Near	 00000000 FLAT	Length= 00000000 External STDCALL
GetLastError . . . . . . . . . .	P Near	 00000000 FLAT	Length= 00000000 External STDCALL
GetLocalTime . . . . . . . . . .	P Near	 00000000 FLAT	Length= 00000000 External STDCALL
GetMaxXY . . . . . . . . . . . .	P Near	 00000000 FLAT	Length= 00000000 External STDCALL
GetMseconds  . . . . . . . . . .	P Near	 00000000 FLAT	Length= 00000000 External STDCALL
GetNumberOfConsoleInputEvents  .	P Near	 00000000 FLAT	Length= 00000000 External STDCALL
GetProcessHeap . . . . . . . . .	P Near	 00000000 FLAT	Length= 00000000 External STDCALL
GetStdHandle . . . . . . . . . .	P Near	 00000000 FLAT	Length= 00000000 External STDCALL
GetSystemTime  . . . . . . . . .	P Near	 00000000 FLAT	Length= 00000000 External STDCALL
GetTextColor . . . . . . . . . .	P Near	 00000000 FLAT	Length= 00000000 External STDCALL
GetTickCount . . . . . . . . . .	P Near	 00000000 FLAT	Length= 00000000 External STDCALL
Gotoxy . . . . . . . . . . . . .	P Near	 00000000 FLAT	Length= 00000000 External STDCALL
HeapAlloc  . . . . . . . . . . .	P Near	 00000000 FLAT	Length= 00000000 External STDCALL
HeapCreate . . . . . . . . . . .	P Near	 00000000 FLAT	Length= 00000000 External STDCALL
HeapDestroy  . . . . . . . . . .	P Near	 00000000 FLAT	Length= 00000000 External STDCALL
HeapFree . . . . . . . . . . . .	P Near	 00000000 FLAT	Length= 00000000 External STDCALL
HeapSize . . . . . . . . . . . .	P Near	 00000000 FLAT	Length= 00000000 External STDCALL
IsDigit  . . . . . . . . . . . .	P Near	 00000000 FLAT	Length= 00000000 External STDCALL
LocalFree  . . . . . . . . . . .	P Near	 00000000 FLAT	Length= 00000000 External STDCALL
MessageBoxA  . . . . . . . . . .	P Near	 00000000 FLAT	Length= 00000000 External STDCALL
MsgBoxAsk  . . . . . . . . . . .	P Near	 00000000 FLAT	Length= 00000000 External STDCALL
MsgBox . . . . . . . . . . . . .	P Near	 00000000 FLAT	Length= 00000000 External STDCALL
OpenInputFile  . . . . . . . . .	P Near	 00000000 FLAT	Length= 00000000 External STDCALL
PackedToAsc  . . . . . . . . . .	P Near	 00000120 _TEXT	Length= 00000018 Public STDCALL
  L1 . . . . . . . . . . . . . .	L Near	 00000126 _TEXT	
ParseDecimal32 . . . . . . . . .	P Near	 00000000 FLAT	Length= 00000000 External STDCALL
ParseInteger32 . . . . . . . . .	P Near	 00000000 FLAT	Length= 00000000 External STDCALL
PeekConsoleInputA  . . . . . . .	P Near	 00000000 FLAT	Length= 00000000 External STDCALL
Random32 . . . . . . . . . . . .	P Near	 00000000 FLAT	Length= 00000000 External STDCALL
RandomRange  . . . . . . . . . .	P Near	 00000000 FLAT	Length= 00000000 External STDCALL
Randomize  . . . . . . . . . . .	P Near	 00000000 FLAT	Length= 00000000 External STDCALL
ReadChar . . . . . . . . . . . .	P Near	 00000000 FLAT	Length= 00000000 External STDCALL
ReadConsoleA . . . . . . . . . .	P Near	 00000000 FLAT	Length= 00000000 External STDCALL
ReadConsoleInputA  . . . . . . .	P Near	 00000000 FLAT	Length= 00000000 External STDCALL
ReadDec  . . . . . . . . . . . .	P Near	 00000000 FLAT	Length= 00000000 External STDCALL
ReadFile . . . . . . . . . . . .	P Near	 00000000 FLAT	Length= 00000000 External STDCALL
ReadFloat  . . . . . . . . . . .	P Near	 00000000 FLAT	Length= 00000000 External STDCALL
ReadFromFile . . . . . . . . . .	P Near	 00000000 FLAT	Length= 00000000 External STDCALL
ReadHex  . . . . . . . . . . . .	P Near	 00000000 FLAT	Length= 00000000 External STDCALL
ReadInt  . . . . . . . . . . . .	P Near	 00000000 FLAT	Length= 00000000 External STDCALL
ReadKeyFlush . . . . . . . . . .	P Near	 00000000 FLAT	Length= 00000000 External STDCALL
ReadKey  . . . . . . . . . . . .	P Near	 00000000 FLAT	Length= 00000000 External STDCALL
ReadString . . . . . . . . . . .	P Near	 00000000 FLAT	Length= 00000000 External STDCALL
SetConsoleCursorInfo . . . . . .	P Near	 00000000 FLAT	Length= 00000000 External STDCALL
SetConsoleCursorPosition . . . .	P Near	 00000000 FLAT	Length= 00000000 External STDCALL
SetConsoleMode . . . . . . . . .	P Near	 00000000 FLAT	Length= 00000000 External STDCALL
SetConsoleScreenBufferSize . . .	P Near	 00000000 FLAT	Length= 00000000 External STDCALL
SetConsoleTextAttribute  . . . .	P Near	 00000000 FLAT	Length= 00000000 External STDCALL
SetConsoleTitleA . . . . . . . .	P Near	 00000000 FLAT	Length= 00000000 External STDCALL
SetConsoleWindowInfo . . . . . .	P Near	 00000000 FLAT	Length= 00000000 External STDCALL
SetFilePointer . . . . . . . . .	P Near	 00000000 FLAT	Length= 00000000 External STDCALL
SetLocalTime . . . . . . . . . .	P Near	 00000000 FLAT	Length= 00000000 External STDCALL
SetTextColor . . . . . . . . . .	P Near	 00000000 FLAT	Length= 00000000 External STDCALL
ShowFPUStack . . . . . . . . . .	P Near	 00000000 FLAT	Length= 00000000 External STDCALL
Sleep  . . . . . . . . . . . . .	P Near	 00000000 FLAT	Length= 00000000 External STDCALL
StrLength  . . . . . . . . . . .	P Near	 00000000 FLAT	Length= 00000000 External STDCALL
Str_compare  . . . . . . . . . .	P Near	 00000000 FLAT	Length= 00000000 External STDCALL
Str_copy . . . . . . . . . . . .	P Near	 00000000 FLAT	Length= 00000000 External STDCALL
Str_length . . . . . . . . . . .	P Near	 00000000 FLAT	Length= 00000000 External STDCALL
Str_trim . . . . . . . . . . . .	P Near	 00000000 FLAT	Length= 00000000 External STDCALL
Str_ucase  . . . . . . . . . . .	P Near	 00000000 FLAT	Length= 00000000 External STDCALL
SystemTimeToFileTime . . . . . .	P Near	 00000000 FLAT	Length= 00000000 External STDCALL
WaitMsg  . . . . . . . . . . . .	P Near	 00000000 FLAT	Length= 00000000 External STDCALL
WriteBinB  . . . . . . . . . . .	P Near	 00000000 FLAT	Length= 00000000 External STDCALL
WriteBin . . . . . . . . . . . .	P Near	 00000000 FLAT	Length= 00000000 External STDCALL
WriteChar  . . . . . . . . . . .	P Near	 00000000 FLAT	Length= 00000000 External STDCALL
WriteConsoleA  . . . . . . . . .	P Near	 00000000 FLAT	Length= 00000000 External STDCALL
WriteConsoleOutputAttribute  . .	P Near	 00000000 FLAT	Length= 00000000 External STDCALL
WriteConsoleOutputCharacterA . .	P Near	 00000000 FLAT	Length= 00000000 External STDCALL
WriteDec . . . . . . . . . . . .	P Near	 00000000 FLAT	Length= 00000000 External STDCALL
WriteFile  . . . . . . . . . . .	P Near	 00000000 FLAT	Length= 00000000 External STDCALL
WriteFloat . . . . . . . . . . .	P Near	 00000000 FLAT	Length= 00000000 External STDCALL
WriteHexB  . . . . . . . . . . .	P Near	 00000000 FLAT	Length= 00000000 External STDCALL
WriteHex . . . . . . . . . . . .	P Near	 00000000 FLAT	Length= 00000000 External STDCALL
WriteInt . . . . . . . . . . . .	P Near	 00000000 FLAT	Length= 00000000 External STDCALL
WriteScaled  . . . . . . . . . .	P Near	 000000D9 _TEXT	Length= 00000027 Public STDCALL
WriteStackFrameName  . . . . . .	P Near	 00000000 FLAT	Length= 00000000 External STDCALL
WriteStackFrame  . . . . . . . .	P Near	 00000000 FLAT	Length= 00000000 External STDCALL
WriteString  . . . . . . . . . .	P Near	 00000000 FLAT	Length= 00000000 External STDCALL
WriteToFile  . . . . . . . . . .	P Near	 00000000 FLAT	Length= 00000000 External STDCALL
WriteWindowsMsg  . . . . . . . .	P Near	 00000000 FLAT	Length= 00000000 External STDCALL
main . . . . . . . . . . . . . .	P Near	 00000000 _TEXT	Length= 000000D9 Public STDCALL
printf . . . . . . . . . . . . .	P Near	 00000000 FLAT	Length= 00000000 External C
scanf  . . . . . . . . . . . . .	P Near	 00000000 FLAT	Length= 00000000 External C
wsprintfA  . . . . . . . . . . .	P Near	 00000000 FLAT	Length= 00000000 External C


Symbols:

                N a m e                 Type     Value    Attr

@CodeSize  . . . . . . . . . . .	Number	 00000000h   
@DataSize  . . . . . . . . . . .	Number	 00000000h   
@Interface . . . . . . . . . . .	Number	 00000003h   
@Model . . . . . . . . . . . . .	Number	 00000007h   
@code  . . . . . . . . . . . . .	Text   	 _TEXT
@data  . . . . . . . . . . . . .	Text   	 FLAT
@fardata?  . . . . . . . . . . .	Text   	 FLAT
@fardata . . . . . . . . . . . .	Text   	 FLAT
@stack . . . . . . . . . . . . .	Text   	 FLAT
ALT_MASK . . . . . . . . . . . .	Number	 00000003h   
CAPSLOCK_ON  . . . . . . . . . .	Number	 00000080h   
CREATE_ALWAYS  . . . . . . . . .	Number	 00000002h   
CREATE_NEW . . . . . . . . . . .	Number	 00000001h   
CTRL_MASK  . . . . . . . . . . .	Number	 0000000Ch   
CreateFile . . . . . . . . . . .	Text   	 CreateFileA
DECIMAL_OFFSET . . . . . . . . .	Number	 00000005h   
DO_NOT_SHARE . . . . . . . . . .	Number	 00000000h   
ENABLE_ECHO_INPUT  . . . . . . .	Number	 00000004h   
ENABLE_LINE_INPUT  . . . . . . .	Number	 00000002h   
ENABLE_MOUSE_INPUT . . . . . . .	Number	 00000010h   
ENABLE_PROCESSED_INPUT . . . . .	Number	 00000001h   
ENABLE_PROCESSED_OUTPUT  . . . .	Number	 00000001h   
ENABLE_WINDOW_INPUT  . . . . . .	Number	 00000008h   
ENABLE_WRAP_AT_EOL_OUTPUT  . . .	Number	 00000002h   
ENHANCED_KEY . . . . . . . . . .	Number	 00000100h   
FALSE  . . . . . . . . . . . . .	Number	 00000000h   
FILE_APPEND_DATA . . . . . . . .	Number	 00000004h   
FILE_ATTRIBUTE_ARCHIVE . . . . .	Number	 00000020h   
FILE_ATTRIBUTE_COMPRESSED  . . .	Number	 00000800h   
FILE_ATTRIBUTE_DEVICE  . . . . .	Number	 00000040h   
FILE_ATTRIBUTE_DIRECTORY . . . .	Number	 00000010h   
FILE_ATTRIBUTE_ENCRYPTED . . . .	Number	 00004000h   
FILE_ATTRIBUTE_HIDDEN  . . . . .	Number	 00000002h   
FILE_ATTRIBUTE_NORMAL  . . . . .	Number	 00000080h   
FILE_ATTRIBUTE_NOT_CONTENT_INDEXED .	Number	 00002000h   
FILE_ATTRIBUTE_OFFLINE . . . . .	Number	 00001000h   
FILE_ATTRIBUTE_READONLY  . . . .	Number	 00000001h   
FILE_ATTRIBUTE_REPARSE_POINT . .	Number	 00000400h   
FILE_ATTRIBUTE_SPARSE_FILE . . .	Number	 00000200h   
FILE_ATTRIBUTE_SYSTEM  . . . . .	Number	 00000004h   
FILE_ATTRIBUTE_TEMPORARY . . . .	Number	 00000100h   
FILE_BEGIN . . . . . . . . . . .	Number	 00000000h   
FILE_CURRENT . . . . . . . . . .	Number	 00000001h   
FILE_DELETE_CHILD  . . . . . . .	Number	 00000040h   
FILE_END . . . . . . . . . . . .	Number	 00000002h   
FILE_READ_DATA . . . . . . . . .	Number	 00000001h   
FILE_SHARE_DELETE  . . . . . . .	Number	 00000004h   
FILE_SHARE_READ  . . . . . . . .	Number	 00000001h   
FILE_SHARE_WRITE . . . . . . . .	Number	 00000002h   
FILE_WRITE_DATA  . . . . . . . .	Number	 00000002h   
FOCUS_EVENT  . . . . . . . . . .	Number	 00000010h   
FORMAT_MESSAGE_ALLOCATE_BUFFER .	Number	 00000100h   
FORMAT_MESSAGE_FROM_SYSTEM . . .	Number	 00001000h   
FormatMessage  . . . . . . . . .	Text   	 FormatMessageA
GENERIC_ALL  . . . . . . . . . .	Number	 10000000h   
GENERIC_EXECUTE  . . . . . . . .	Number	 20000000h   
GENERIC_READ . . . . . . . . . .	Number	 -80000000h   
GENERIC_WRITE  . . . . . . . . .	Number	 40000000h   
GetCommandLine . . . . . . . . .	Text   	 GetCommandLineA
HANDLE . . . . . . . . . . . . .	Text   	 DWORD
HEAP_GENERATE_EXCEPTIONS . . . .	Number	 00000004h   
HEAP_GROWABLE  . . . . . . . . .	Number	 00000002h   
HEAP_NO_SERIALIZE  . . . . . . .	Number	 00000001h   
HEAP_REALLOC_IN_PLACE_ONLY . . .	Number	 00000010h   
HEAP_ZERO_MEMORY . . . . . . . .	Number	 00000008h   
IDABORT  . . . . . . . . . . . .	Number	 00000003h   
IDCANCEL . . . . . . . . . . . .	Number	 00000002h   
IDCLOSE  . . . . . . . . . . . .	Number	 00000008h   
IDCONTINUE . . . . . . . . . . .	Number	 0000000Bh   
IDHELP . . . . . . . . . . . . .	Number	 00000009h   
IDIGNORE . . . . . . . . . . . .	Number	 00000005h   
IDNO . . . . . . . . . . . . . .	Number	 00000007h   
IDOK . . . . . . . . . . . . . .	Number	 00000001h   
IDRETRY  . . . . . . . . . . . .	Number	 00000004h   
IDTIMEOUT  . . . . . . . . . . .	Number	 00007D00h   
IDTRYAGAIN . . . . . . . . . . .	Number	 0000000Ah   
IDYES  . . . . . . . . . . . . .	Number	 00000006h   
INVALID_HANDLE_VALUE . . . . . .	Number	 -00000001h   
KBDOWN_FLAG  . . . . . . . . . .	Number	 00000001h   
KEY_EVENT  . . . . . . . . . . .	Number	 00000001h   
KEY_MASKS  . . . . . . . . . . .	Number	 0000001Fh   
LEFT_ALT_PRESSED . . . . . . . .	Number	 00000002h   
LEFT_CTRL_PRESSED  . . . . . . .	Number	 00000008h   
MB_ABORTRETRYIGNORE  . . . . . .	Number	 00000002h   
MB_APPLMODAL . . . . . . . . . .	Number	 00000000h   
MB_CANCELTRYCONTINUE . . . . . .	Number	 00000006h   
MB_DEFBUTTON1  . . . . . . . . .	Number	 00000000h   
MB_DEFBUTTON2  . . . . . . . . .	Number	 00000100h   
MB_DEFBUTTON3  . . . . . . . . .	Number	 00000200h   
MB_DEFBUTTON4  . . . . . . . . .	Number	 00000300h   
MB_HELP  . . . . . . . . . . . .	Number	 00004000h   
MB_ICONASTERISK  . . . . . . . .	Number	 00000040h   
MB_ICONERROR . . . . . . . . . .	Number	 00000010h   
MB_ICONEXCLAMATION . . . . . . .	Number	 00000030h   
MB_ICONHAND  . . . . . . . . . .	Number	 00000010h   
MB_ICONINFORMATION . . . . . . .	Number	 00000040h   
MB_ICONQUESTION  . . . . . . . .	Number	 00000020h   
MB_ICONSTOP  . . . . . . . . . .	Number	 00000010h   
MB_ICONWARNING . . . . . . . . .	Number	 00000030h   
MB_OKCANCEL  . . . . . . . . . .	Number	 00000001h   
MB_OK  . . . . . . . . . . . . .	Number	 00000000h   
MB_RETRYCANCEL . . . . . . . . .	Number	 00000005h   
MB_SYSTEMMODAL . . . . . . . . .	Number	 00001000h   
MB_TASKMODAL . . . . . . . . . .	Number	 00002000h   
MB_USERICON  . . . . . . . . . .	Number	 00000080h   
MB_YESNOCANCEL . . . . . . . . .	Number	 00000003h   
MB_YESNO . . . . . . . . . . . .	Number	 00000004h   
MENU_EVENT . . . . . . . . . . .	Number	 00000008h   
MOUSE_EVENT  . . . . . . . . . .	Number	 00000002h   
MessageBox . . . . . . . . . . .	Text   	 MessageBoxA
NULL . . . . . . . . . . . . . .	Number	 00000000h   
NUMLOCK_ON . . . . . . . . . . .	Number	 00000020h   
N_PRIME  . . . . . . . . . . . .	Number	 000003E8h   
OPEN_ALWAYS  . . . . . . . . . .	Number	 00000004h   
OPEN_EXISTING  . . . . . . . . .	Number	 00000003h   
PeekConsoleInput . . . . . . . .	Text   	 PeekConsoleInputA
RIGHT_ALT_PRESSED  . . . . . . .	Number	 00000001h   
RIGHT_CTRL_PRESSED . . . . . . .	Number	 00000004h   
ReadConsoleInput . . . . . . . .	Text   	 ReadConsoleInputA
ReadConsole  . . . . . . . . . .	Text   	 ReadConsoleA
SCROLLLOCK_ON  . . . . . . . . .	Number	 00000040h   
SHIFT_MASK . . . . . . . . . . .	Number	 00000010h   
SHIFT_PRESSED  . . . . . . . . .	Number	 00000010h   
STD_ERROR_HANDLE . . . . . . . .	Number	 -0000000Ch   
STD_INPUT_HANDLE . . . . . . . .	Number	 -0000000Ah   
STD_OUTPUT_HANDLE  . . . . . . .	Number	 -0000000Bh   
SetConsoleTitle  . . . . . . . .	Text   	 SetConsoleTitleA
TAB  . . . . . . . . . . . . . .	Number	 00000009h   
TRUE . . . . . . . . . . . . . .	Number	 00000001h   
TRUNCATE_EXISTING  . . . . . . .	Number	 00000005h   
VK_11  . . . . . . . . . . . . .	Number	 000000BDh   
VK_12  . . . . . . . . . . . . .	Number	 000000BBh   
VK_ADD . . . . . . . . . . . . .	Number	 0000006Bh   
VK_BACK  . . . . . . . . . . . .	Number	 00000008h   
VK_CANCEL  . . . . . . . . . . .	Number	 00000003h   
VK_CAPITAL . . . . . . . . . . .	Number	 00000014h   
VK_CLEAR . . . . . . . . . . . .	Number	 0000000Ch   
VK_CONTROL . . . . . . . . . . .	Number	 00000011h   
VK_DECIMAL . . . . . . . . . . .	Number	 0000006Eh   
VK_DELETE  . . . . . . . . . . .	Number	 0000002Eh   
VK_DIVIDE  . . . . . . . . . . .	Number	 0000006Fh   
VK_DOWN  . . . . . . . . . . . .	Number	 00000028h   
VK_END . . . . . . . . . . . . .	Number	 00000023h   
VK_ESCAPE  . . . . . . . . . . .	Number	 0000001Bh   
VK_EXECUTE . . . . . . . . . . .	Number	 0000002Bh   
VK_F10 . . . . . . . . . . . . .	Number	 00000079h   
VK_F11 . . . . . . . . . . . . .	Number	 0000007Ah   
VK_F12 . . . . . . . . . . . . .	Number	 0000007Bh   
VK_F13 . . . . . . . . . . . . .	Number	 0000007Ch   
VK_F14 . . . . . . . . . . . . .	Number	 0000007Dh   
VK_F15 . . . . . . . . . . . . .	Number	 0000007Eh   
VK_F16 . . . . . . . . . . . . .	Number	 0000007Fh   
VK_F17 . . . . . . . . . . . . .	Number	 00000080h   
VK_F18 . . . . . . . . . . . . .	Number	 00000081h   
VK_F19 . . . . . . . . . . . . .	Number	 00000082h   
VK_F1  . . . . . . . . . . . . .	Number	 00000070h   
VK_F20 . . . . . . . . . . . . .	Number	 00000083h   
VK_F21 . . . . . . . . . . . . .	Number	 00000084h   
VK_F22 . . . . . . . . . . . . .	Number	 00000085h   
VK_F23 . . . . . . . . . . . . .	Number	 00000086h   
VK_F24 . . . . . . . . . . . . .	Number	 00000087h   
VK_F2  . . . . . . . . . . . . .	Number	 00000071h   
VK_F3  . . . . . . . . . . . . .	Number	 00000072h   
VK_F4  . . . . . . . . . . . . .	Number	 00000073h   
VK_F5  . . . . . . . . . . . . .	Number	 00000074h   
VK_F6  . . . . . . . . . . . . .	Number	 00000075h   
VK_F7  . . . . . . . . . . . . .	Number	 00000076h   
VK_F8  . . . . . . . . . . . . .	Number	 00000077h   
VK_F9  . . . . . . . . . . . . .	Number	 00000078h   
VK_HELP  . . . . . . . . . . . .	Number	 0000002Fh   
VK_HOME  . . . . . . . . . . . .	Number	 00000024h   
VK_INSERT  . . . . . . . . . . .	Number	 0000002Dh   
VK_LBUTTON . . . . . . . . . . .	Number	 00000001h   
VK_LCONTROL  . . . . . . . . . .	Number	 000000A2h   
VK_LEFT  . . . . . . . . . . . .	Number	 00000025h   
VK_LMENU . . . . . . . . . . . .	Number	 000000A4h   
VK_LSHIFT  . . . . . . . . . . .	Number	 000000A0h   
VK_MENU  . . . . . . . . . . . .	Number	 00000012h   
VK_MULTIPLY  . . . . . . . . . .	Number	 0000006Ah   
VK_NEXT  . . . . . . . . . . . .	Number	 00000022h   
VK_NUMLOCK . . . . . . . . . . .	Number	 00000090h   
VK_NUMPAD0 . . . . . . . . . . .	Number	 00000060h   
VK_NUMPAD1 . . . . . . . . . . .	Number	 00000061h   
VK_NUMPAD2 . . . . . . . . . . .	Number	 00000062h   
VK_NUMPAD3 . . . . . . . . . . .	Number	 00000063h   
VK_NUMPAD4 . . . . . . . . . . .	Number	 00000064h   
VK_NUMPAD5 . . . . . . . . . . .	Number	 00000065h   
VK_NUMPAD6 . . . . . . . . . . .	Number	 00000066h   
VK_NUMPAD7 . . . . . . . . . . .	Number	 00000067h   
VK_NUMPAD8 . . . . . . . . . . .	Number	 00000068h   
VK_NUMPAD9 . . . . . . . . . . .	Number	 00000069h   
VK_PAUSE . . . . . . . . . . . .	Number	 00000013h   
VK_PRINT . . . . . . . . . . . .	Number	 0000002Ah   
VK_PRIOR . . . . . . . . . . . .	Number	 00000021h   
VK_RBUTTON . . . . . . . . . . .	Number	 00000002h   
VK_RCONTROL  . . . . . . . . . .	Number	 000000A3h   
VK_RETURN  . . . . . . . . . . .	Number	 0000000Dh   
VK_RIGHT . . . . . . . . . . . .	Number	 00000027h   
VK_RMENU . . . . . . . . . . . .	Number	 000000A5h   
VK_RSHIFT  . . . . . . . . . . .	Number	 000000A1h   
VK_SCROLL  . . . . . . . . . . .	Number	 00000091h   
VK_SEPARATER . . . . . . . . . .	Number	 0000006Ch   
VK_SHIFT . . . . . . . . . . . .	Number	 00000010h   
VK_SNAPSHOT  . . . . . . . . . .	Number	 0000002Ch   
VK_SPACE . . . . . . . . . . . .	Number	 00000020h   
VK_SUBTRACT  . . . . . . . . . .	Number	 0000006Dh   
VK_TAB . . . . . . . . . . . . .	Number	 00000009h   
VK_UP  . . . . . . . . . . . . .	Number	 00000026h   
WINDOW_BUFFER_SIZE_EVENT . . . .	Number	 00000004h   
WriteConsoleOutputCharacter  . .	Text   	 WriteConsoleOutputCharacterA
WriteConsole . . . . . . . . . .	Text   	 WriteConsoleA
ascii_buf  . . . . . . . . . . .	Byte	 0000003C _DATA	
bcd1 . . . . . . . . . . . . . .	DWord	 00000030 _DATA	
bcd2 . . . . . . . . . . . . . .	DWord	 00000034 _DATA	
bcd3 . . . . . . . . . . . . . .	DWord	 00000038 _DATA	
black  . . . . . . . . . . . . .	Number	 00000000h   
blue . . . . . . . . . . . . . .	Number	 00000001h   
brown  . . . . . . . . . . . . .	Number	 00000006h   
cyan . . . . . . . . . . . . . .	Number	 00000003h   
decimal_one  . . . . . . . . . .	Byte	 00000000 _DATA	
difference . . . . . . . . . . .	QWord	 00000020 _DATA	
exit . . . . . . . . . . . . . .	Text   	 INVOKE ExitProcess,0
gray . . . . . . . . . . . . . .	Number	 00000008h   
green  . . . . . . . . . . . . .	Number	 00000002h   
key  . . . . . . . . . . . . . .	Byte	 00000045 _DATA	
lightBlue  . . . . . . . . . . .	Number	 00000009h   
lightCyan  . . . . . . . . . . .	Number	 0000000Bh   
lightGray  . . . . . . . . . . .	Number	 00000007h   
lightGreen . . . . . . . . . . .	Number	 0000000Ah   
lightMagenta . . . . . . . . . .	Number	 0000000Dh   
lightRed . . . . . . . . . . . .	Number	 0000000Ch   
magenta  . . . . . . . . . . . .	Number	 00000005h   
msg1 . . . . . . . . . . . . . .	Byte	 0000004F _DATA	
op1  . . . . . . . . . . . . . .	QWord	 00000010 _DATA	
op2  . . . . . . . . . . . . . .	QWord	 00000018 _DATA	
packed_1 . . . . . . . . . . . .	DWord	 00000467 _DATA	
packed_2 . . . . . . . . . . . .	DWord	 0000046B _DATA	
packed_3 . . . . . . . . . . . .	QWord	 0000046F _DATA	
packed_4 . . . . . . . . . . . .	QWord	 00000477 _DATA	
packed_5 . . . . . . . . . . . .	QWord	 0000047F _DATA	
packed_6 . . . . . . . . . . . .	QWord	 0000048F _DATA	
packed_sum . . . . . . . . . . .	Byte	 0000049F _DATA	
prime  . . . . . . . . . . . . .	Byte	 0000007D _DATA	
red  . . . . . . . . . . . . . .	Number	 00000004h   
white  . . . . . . . . . . . . .	Number	 0000000Fh   
wsprintf . . . . . . . . . . . .	Text   	 wsprintfA
yellow . . . . . . . . . . . . .	Number	 0000000Eh   

	   0 Warnings
	   0 Errors
